0 info it worked if it ends with ok
1 verbose cli [ '/usr/local/Cellar/node/6.3.1/bin/node',
1 verbose cli   '/usr/local/bin/npm',
1 verbose cli   'run',
1 verbose cli   'start:dev' ]
2 info using npm@3.10.3
3 info using node@v6.3.1
4 verbose run-script [ 'prestart:dev', 'start:dev', 'poststart:dev' ]
5 info lifecycle text_area@1.0.0~prestart:dev: text_area@1.0.0
6 silly lifecycle text_area@1.0.0~prestart:dev: no script for prestart:dev, continuing
7 info lifecycle text_area@1.0.0~start:dev: text_area@1.0.0
8 verbose lifecycle text_area@1.0.0~start:dev: unsafe-perm in lifecycle true
9 verbose lifecycle text_area@1.0.0~start:dev: PATH: /usr/local/lib/node_modules/npm/bin/node-gyp-bin:/Users/zuzannasawala/Documents/Projects/text_area/node_modules/.bin:/usr/local/Cellar/node/6.3.1/bin:/Users/zuzannasawala/.rbenv/shims:/usr/local/bin:/usr/bin:/bin:/usr/sbin:/sbin:/opt/X11/bin:/usr/local/MacGPG2/bin:/Applications/Wireshark.app/Contents/MacOS
10 verbose lifecycle text_area@1.0.0~start:dev: CWD: /Users/zuzannasawala/Documents/Projects/text_area
11 silly lifecycle text_area@1.0.0~start:dev: Args: [ '-c', 'webpack-dev-server' ]
12 silly lifecycle text_area@1.0.0~start:dev: Returned: code: 1  signal: null
13 info lifecycle text_area@1.0.0~start:dev: Failed to exec start:dev script
14 verbose stack Error: text_area@1.0.0 start:dev: `webpack-dev-server`
14 verbose stack Exit status 1
14 verbose stack     at EventEmitter.<anonymous> (/usr/local/lib/node_modules/npm/lib/utils/lifecycle.js:242:16)
14 verbose stack     at emitTwo (events.js:106:13)
14 verbose stack     at EventEmitter.emit (events.js:191:7)
14 verbose stack     at ChildProcess.<anonymous> (/usr/local/lib/node_modules/npm/lib/utils/spawn.js:40:14)
14 verbose stack     at emitTwo (events.js:106:13)
14 verbose stack     at ChildProcess.emit (events.js:191:7)
14 verbose stack     at maybeClose (internal/child_process.js:852:16)
14 verbose stack     at Process.ChildProcess._handle.onexit (internal/child_process.js:215:5)
15 verbose pkgid text_area@1.0.0
16 verbose cwd /Users/zuzannasawala/Documents/Projects/text_area
17 error Darwin 15.6.0
18 error argv "/usr/local/Cellar/node/6.3.1/bin/node" "/usr/local/bin/npm" "run" "start:dev"
19 error node v6.3.1
20 error npm  v3.10.3
21 error code ELIFECYCLE
22 error text_area@1.0.0 start:dev: `webpack-dev-server`
22 error Exit status 1
23 error Failed at the text_area@1.0.0 start:dev script 'webpack-dev-server'.
23 error Make sure you have the latest version of node.js and npm installed.
23 error If you do, this is most likely a problem with the text_area package,
23 error not with npm itself.
23 error Tell the author that this fails on your system:
23 error     webpack-dev-server
23 error You can get information on how to open an issue for this project with:
23 error     npm bugs text_area
23 error Or if that isn't available, you can get their info via:
23 error     npm owner ls text_area
23 error There is likely additional logging output above.
24 verbose exit [ 1, true ]
